[debug] [2020-01-23T05:24:44.375Z] ----------------------------------------------------------------------
[debug] [2020-01-23T05:24:44.378Z] Command:       C:\Program Files\nodejs\node.exe C:\Users\tremu\AppData\Roaming\npm\node_modules\firebase-tools\lib\bin\firebase.js serve
[debug] [2020-01-23T05:24:44.378Z] CLI Version:   7.12.1
[debug] [2020-01-23T05:24:44.378Z] Platform:      win32
[debug] [2020-01-23T05:24:44.378Z] Node Version:  v12.14.0
[debug] [2020-01-23T05:24:44.380Z] Time:          Thu Jan 23 2020 06:24:44 GMT+0100 (Central European Standard Time)
[debug] [2020-01-23T05:24:44.380Z] ----------------------------------------------------------------------
[debug] [2020-01-23T05:24:44.380Z] 
[debug] [2020-01-23T05:24:44.393Z] > command requires scopes: ["email","openid","https://www.googleapis.com/auth/cloudplatformprojects.readonly","https://www.googleapis.com/auth/firebase","https://www.googleapis.com/auth/cloud-platform"]
[debug] [2020-01-23T05:24:44.394Z] > authorizing via signed-in user
[debug] [2020-01-23T05:24:44.395Z] [iam] checking project blog-11ddf for permissions ["firebase.projects.get"]
[debug] [2020-01-23T05:24:44.397Z] >>> HTTP REQUEST POST https://cloudresourcemanager.googleapis.com/v1/projects/blog-11ddf:testIamPermissions  

[debug] [2020-01-23T05:24:45.365Z] <<< HTTP RESPONSE 200
[debug] [2020-01-23T05:24:45.367Z] >>> HTTP REQUEST GET https://firebase.googleapis.com/v1beta1/projects/blog-11ddf  
 
[debug] [2020-01-23T05:24:45.685Z] <<< HTTP RESPONSE 200
[info] 
[info] === Serving from 'D:\Development\web\phpstorm\hazeman.eu'...
[info] 
[debug] [2020-01-23T05:24:45.691Z] >>> HTTP REQUEST GET https://firebase.googleapis.com/v1beta1/projects/blog-11ddf/webApps/-/config  
 
[debug] [2020-01-23T05:24:46.387Z] <<< HTTP RESPONSE 200
[info] i  hosting: Serving hosting files from: public
[info] +  hosting: Local server: http://localhost:5000
